<?xml version="1.0" encoding="utf-8"?><testsuites name="pytest tests"><testsuite name="pytest" errors="0" failures="0" skipped="0" tests="10" time="1.576" timestamp="2026-04-19T18:47:29.131538+00:00" hostname="agent-env-d75c0efd-26cb-43aa-ba60-368cd8bcd2e2"><testcase classname="backend.tests.test_circlesite_api.TestHealthAndRoot" name="test_root_returns_200_with_message" time="0.129" /><testcase classname="backend.tests.test_circlesite_api.TestHealthAndRoot" name="test_health_returns_ok_with_resend_flag" time="0.143" /><testcase classname="backend.tests.test_circlesite_api.TestContactSubmission" name="test_contact_valid_submission_returns_200" time="0.128" /><testcase classname="backend.tests.test_circlesite_api.TestContactSubmission" name="test_contact_invalid_email_returns_422" time="0.117" /><testcase classname="backend.tests.test_circlesite_api.TestContactSubmission" name="test_contact_empty_name_returns_422" time="0.134" /><testcase classname="backend.tests.test_circlesite_api.TestContactSubmission" name="test_contact_empty_message_returns_422" time="0.164" /><testcase classname="backend.tests.test_circlesite_api.TestContactSubmission" name="test_contact_missing_fields_returns_422" time="0.117" /><testcase classname="backend.tests.test_circlesite_api.TestContactSubmissions" name="test_submissions_returns_list_without_id_leak" time="0.232" /><testcase classname="backend.tests.test_circlesite_api.TestContactSubmissions" name="test_submissions_with_limit_parameter" time="0.106" /><testcase classname="backend.tests.test_circlesite_api.TestDataPersistence" name="test_submission_persists_to_database" time="0.229" /></testsuite></testsuites>